{"time":"2025-08-17T19:17:11.263008874Z","level":"INFO","msg":"Successfully hashed file","path":".git/FETCH_HEAD","sha256":"d048e3477ca0c3a487bcf1950b2e76b18a18aec0c42fc58b7393047be9fc63ed","file-type":"","depth":1}
{"time":"2025-08-17T19:17:11.26316111Z","level":"INFO","msg":"Successfully hashed file","path":".git/HEAD","sha256":"14d8079f3b7f36367e2ae679f236f054268d91fc289fa1db1bc3b20d60331bde","file-type":"","depth":1}
{"time":"2025-08-17T19:17:11.263406312Z","level":"INFO","msg":"Successfully hashed file","path":".git/COMMIT_EDITMSG","sha256":"786c596403668bae4aae6929a17a396e490d1275cd9fd34024ed4b4e701c63b8","file-type":"","depth":1}
{"time":"2025-08-17T19:17:11.263450904Z","level":"INFO","msg":"Successfully hashed file","path":".git/config","sha256":"f7a64253e7899c7b836cf3f34db504f467d16633135f3f16d7562a03fea8b663","file-type":"","depth":1}
{"time":"2025-08-17T19:17:11.263886282Z","level":"INFO","msg":"Successfully hashed file","path":".git/description","sha256":"85ab6c163d43a17ea9cf7788308bca1466f1b0a8d1cc92e26e9bf63da4062aee","file-type":"","depth":1}
{"time":"2025-08-17T19:17:11.264620859Z","level":"INFO","msg":"Successfully hashed file","path":".git/hooks/fsmonitor-watchman.sample","sha256":"e0549964e93897b519bd8e333c037e51fff0f88ba13e086a331592bf801fa1d0","file-type":".sample","depth":2}
{"time":"2025-08-17T19:17:11.26467461Z","level":"INFO","msg":"Successfully hashed file","path":".git/hooks/applypatch-msg.sample","sha256":"0223497a0b8b033aa58a3a521b8629869386cf7ab0e2f101963d328aa62193f7","file-type":".sample","depth":2}
{"time":"2025-08-17T19:17:11.264693575Z","level":"INFO","msg":"Successfully hashed file","path":".git/hooks/commit-msg.sample","sha256":"1f74d5e9292979b573ebd59741d46cb93ff391acdd083d340b94370753d92437","file-type":".sample","depth":2}
{"time":"2025-08-17T19:17:11.264703917Z","level":"INFO","msg":"Successfully hashed file","path":".git/index","sha256":"a0986d9c875dcacec2aae0d011f53b061f6e5adedbb212a71c92e63a541cbb75","file-type":"","depth":1}
{"time":"2025-08-17T19:17:11.264713056Z","level":"INFO","msg":"Successfully hashed file","path":".git/info/exclude","sha256":"6671fe83b7a07c8932ee89164d1f2793b2318058eb8b98dc5c06ee0a5a3b0ec1","file-type":"","depth":2}
{"time":"2025-08-17T19:17:11.264723731Z","level":"INFO","msg":"Successfully hashed file","path":".git/hooks/push-to-checkout.sample","sha256":"a53d0741798b287c6dd7afa64aee473f305e65d3f49463bb9d7408ec3b12bf5f","file-type":".sample","depth":2}
{"time":"2025-08-17T19:17:11.264734538Z","level":"INFO","msg":"Successfully hashed file","path":".git/hooks/pre-applypatch.sample","sha256":"e15c5b469ea3e0a695bea6f2c82bcf8e62821074939ddd85b77e0007ff165475","file-type":".sample","depth":2}
{"time":"2025-08-17T19:17:11.264744021Z","level":"INFO","msg":"Successfully hashed file","path":".git/hooks/pre-merge-commit.sample","sha256":"d3825a70337940ebbd0a5c072984e13245920cdf8898bd225c8d27a6dfc9cb53","file-type":".sample","depth":2}
{"time":"2025-08-17T19:17:11.26484482Z","level":"INFO","msg":"Successfully hashed file","path":".git/hooks/update.sample","sha256":"8d5f2fa83e103cf08b57eaa67521df9194f45cbdbcb37da52ad586097a14d106","file-type":".sample","depth":2}
{"time":"2025-08-17T19:17:11.264856143Z","level":"INFO","msg":"Successfully hashed file","path":".git/hooks/post-update.sample","sha256":"81765af2daef323061dcbc5e61fc16481cb74b3bac9ad8a174b186523586f6c5","file-type":".sample","depth":2}
{"time":"2025-08-17T19:17:11.264863563Z","level":"INFO","msg":"Successfully hashed file","path":".git/hooks/sendemail-validate.sample","sha256":"44ebfc923dc5466bc009602f0ecf067b9c65459abfe8868ddc49b78e6ced7a92","file-type":".sample","depth":2}
{"time":"2025-08-17T19:17:11.264871216Z","level":"INFO","msg":"Successfully hashed file","path":".git/hooks/pre-commit.sample","sha256":"f9af7d95eb1231ecf2eba9770fedfa8d4797a12b02d7240e98d568201251244a","file-type":".sample","depth":2}
{"time":"2025-08-17T19:17:11.264878171Z","level":"INFO","msg":"Successfully hashed file","path":".git/hooks/pre-receive.sample","sha256":"a4c3d2b9c7bb3fd8d1441c31bd4ee71a595d66b44fcf49ddb310252320169989","file-type":".sample","depth":2}
{"time":"2025-08-17T19:17:11.264896843Z","level":"INFO","msg":"Successfully hashed file","path":".git/hooks/prepare-commit-msg.sample","sha256":"e9ddcaa4189fddd25ed97fc8c789eca7b6ca16390b2392ae3276f0c8e1aa4619","file-type":".sample","depth":2}
{"time":"2025-08-17T19:17:11.264904405Z","level":"INFO","msg":"Successfully hashed file","path":".git/hooks/pre-push.sample","sha256":"ecce9c7e04d3f5dd9d8ada81753dd1d549a9634b26770042b58dda00217d086a","file-type":".sample","depth":2}
{"time":"2025-08-17T19:17:11.265188249Z","level":"INFO","msg":"Successfully hashed file","path":".git/hooks/pre-rebase.sample","sha256":"4febce867790052338076f4e66cc47efb14879d18097d1d61c8261859eaaa7b3","file-type":".sample","depth":2}
{"time":"2025-08-17T19:17:11.265232599Z","level":"INFO","msg":"Successfully hashed file","path":".git/logs/HEAD","sha256":"cc71fba551e91e452df3bbd0f30ad41fc77b62c054a65bded373df173569d7fb","file-type":"","depth":2}
{"time":"2025-08-17T19:17:11.266385696Z","level":"INFO","msg":"Successfully hashed file","path":".git/logs/refs/heads/cli/feature","sha256":"00521bd2a4976503085875471df9201bc92e5998280e0afdfdbe2ac3c5b8d139","file-type":"","depth":5}
{"time":"2025-08-17T19:17:11.266423747Z","level":"INFO","msg":"Successfully hashed file","path":".git/logs/refs/heads/master","sha256":"b6d100c3f936ee517a36c779fa9b55ea0e048812f736db440a1a2d294d968000","file-type":"","depth":4}
{"time":"2025-08-17T19:17:11.267108956Z","level":"INFO","msg":"Successfully hashed file","path":".git/objects/0f/1509a2470178f84d52cf5f5a55ccec2824bb29","sha256":"f2a04c87c00732906ad46d8bbcd9b0c9912a9649006bb86257484a2bd2ea7e00","file-type":"","depth":3}
{"time":"2025-08-17T19:17:11.267317694Z","level":"INFO","msg":"Successfully hashed file","path":".git/logs/refs/remotes/origin/master","sha256":"8684961c04307fd7a48fac2a28e05a92c936d17dded974a550af098083961765","file-type":"","depth":5}
{"time":"2025-08-17T19:17:11.267901213Z","level":"INFO","msg":"Successfully hashed file","path":".git/objects/28/74259b2644f0da873de6ca6488b2fa566d1c9f","sha256":"9c6f554db80fd01b35f00b47dbd3719482a04fcf45180feccd15cde001556101","file-type":"","depth":3}
{"time":"2025-08-17T19:17:11.267934898Z","level":"INFO","msg":"Successfully hashed file","path":".git/objects/1d/52f3d07e82b0d243b1021a44186ab23c23a2ec","sha256":"da96551036f3a0051360d0e574a3c5425f94e26d1a5205ad3a4d6791a784548f","file-type":"","depth":3}
{"time":"2025-08-17T19:17:11.268435651Z","level":"INFO","msg":"Successfully hashed file","path":".git/objects/d3/708f74e7c857720c298b9a64072044a05193c1","sha256":"dc3a01f1548fb6058031842bcf2b02c1f74b65cb591d342ed19cac55fed31849","file-type":"","depth":3}
{"time":"2025-08-17T19:17:11.268511765Z","level":"INFO","msg":"Successfully hashed file","path":".git/objects/e6/9de29bb2d1d6434b8b29ae775ad8c2e48c5391","sha256":"164c5fa8067facf1a43f09ce3d0e35ebf53a7f5723ecbf15a8667cfc53c26f6c","file-type":"","depth":3}
{"time":"2025-08-17T19:17:11.268958353Z","level":"INFO","msg":"Successfully hashed file","path":".git/refs/heads/cli/feature","sha256":"e86ea27de72ad8be524752d9cf84d7afa60fafe7c3deee40e63d5fae40865fe3","file-type":"","depth":4}
{"time":"2025-08-17T19:17:11.269011074Z","level":"INFO","msg":"Successfully hashed file","path":".git/refs/heads/master","sha256":"e86ea27de72ad8be524752d9cf84d7afa60fafe7c3deee40e63d5fae40865fe3","file-type":"","depth":3}
{"time":"2025-08-17T19:17:11.26905048Z","level":"INFO","msg":"Successfully hashed file","path":"go.mod","sha256":"d6f0d522ea2dd23c31435a4e14010b7887dfe6557dc916bde6b1eccad967ec59","file-type":".mod","depth":0}
{"time":"2025-08-17T19:17:11.269072356Z","level":"INFO","msg":"Successfully hashed file","path":".gitignore","sha256":"e3b0c44298fc1c149afbf4c8996fb92427ae41e4649b934ca495991b7852b855","file-type":".gitignore","depth":0}
{"time":"2025-08-17T19:17:11.269084498Z","level":"INFO","msg":"Successfully hashed file","path":"file-hashes.log","sha256":"28bdb2986b1aed9617546b5032537e078c04d4e27f00a89a259c1d95c7c8a80d","file-type":".log","depth":0}
{"time":"2025-08-17T19:17:11.269110428Z","level":"INFO","msg":"Successfully hashed file","path":".git/refs/remotes/origin/master","sha256":"e86ea27de72ad8be524752d9cf84d7afa60fafe7c3deee40e63d5fae40865fe3","file-type":"","depth":4}
{"time":"2025-08-17T19:17:11.269156132Z","level":"INFO","msg":"Successfully hashed file","path":"cmd/main.go","sha256":"1dc0a68480cac1c71c1cb44aef6771f32c2175e77f56fae8f310b6965a349d5b","file-type":".go","depth":1}
{"time":"2025-08-17T19:17:11.269167111Z","level":"INFO","msg":"Successfully hashed file","path":"README.md","sha256":"e3b0c44298fc1c149afbf4c8996fb92427ae41e4649b934ca495991b7852b855","file-type":".md","depth":0}
{"time":"2025-08-17T19:17:11.27115188Z","level":"INFO","msg":"Successfully hashed file","path":"main","sha256":"11bc52eef953f24d668006061443866338ee6742f08f8befc007cd5cc2eb3470","file-type":"","depth":0}
